<?xml version="1.0" encoding="UTF-8"?>
<!-- Generated by org.testng.reporters.JUnitXMLReporter -->
<testsuite ignored="2" hostname="LP-5CG04733XL" failures="1" tests="1" name="Test - Upto MyCart" time="5.864" errors="0" timestamp="2025-08-05T18:03:40 IST">
  <testcase classname="SwagLabsTestCases.CheckOut1TestCase" name="uptoMyCart" time="0.944">
    <failure type="java.lang.AssertionError" message="Cart is empty. Cannot proceed to checkout. expected [true] but found [false]">
      <![CDATA[java.lang.AssertionError: Cart is empty. Cannot proceed to checkout. expected [true] but found [false]
at SwagLabsTestCases.CheckOut1TestCase.uptoMyCart(CheckOut1TestCase.java:70)
at java.base/java.util.ArrayList.forEach(ArrayList.java:1596)
... Removed 28 stack frames]]>
    </failure>
  </testcase> <!-- uptoMyCart -->
  <testcase classname="SwagLabsTestCases.CheckOut1TestCase" name="testCancelButtonFunctionality" time="0.0">
    <ignored/>
  </testcase> <!-- testCancelButtonFunctionality -->
  <testcase classname="SwagLabsTestCases.CheckOut1TestCase" name="CheckOut1Functions" time="0.0">
    <ignored/>
  </testcase> <!-- CheckOut1Functions -->
</testsuite> <!-- Test - Upto MyCart -->
