<!DOCTYPE html PUBLIC "-//W3C//DTD XHTML 1.1//EN" "https://www.w3.org/TR/xhtml11/DTD/xhtml11.dtd">
<html xmlns="https://www.w3.org/1999/xhtml">
<head>
<meta http-equiv="content-type" content="text/html; charset=UTF-8"/>
<title>TestNG Report</title>
<style type="text/css">table {margin-bottom:10px;border-collapse:collapse;empty-cells:show}th,td {border:1px solid #009;padding:.25em .5em}th {vertical-align:bottom}td {vertical-align:top}table a {font-weight:bold}.stripe td {background-color: #E6EBF9}.num {text-align:right}.passedodd td {background-color: #3F3}.passedeven td {background-color: #0A0}.skippedodd td {background-color: #DDD}.skippedeven td {background-color: #CCC}.failedodd td,.attn {background-color: #F33}.failedeven td,.stripe .attn {background-color: #D00}.stacktrace {white-space:pre;font-family:monospace}.totop {font-size:85%;text-align:center;border-bottom:2px solid #000}.invisible {display:none}</style>
</head>
<body>
<table>
<tr><th>Test</th><th># Passed</th><th># Skipped</th><th># Retried</th><th># Failed</th><th>Time (ms)</th><th>Included Groups</th><th>Excluded Groups</th></tr>
<tr><th colspan="8">SwagLabs Group Complete Suite</th></tr>
<tr><th colspan="8">SwagLabs Login Suite</th></tr>
<tr><td><a href="#t0">LoginTest</a></td><td class="num">1</td><td class="num">0</td><td class="num">0</td><td class="num">0</td><td class="num">8,144</td><td></td><td></td></tr>
<tr><th colspan="8">SwagLabs MyCart Suite</th></tr>
<tr class="stripe"><td><a href="#t1">MyCartTest</a></td><td class="num">4</td><td class="num">0</td><td class="num">0</td><td class="num attn">1</td><td class="num">26,245</td><td></td><td></td></tr>
<tr><th colspan="8">SwagLabs Confirmation Suite</th></tr>
<tr><td><a href="#t2">CheckOutConfirmationTest</a></td><td class="num">2</td><td class="num">0</td><td class="num">0</td><td class="num attn">1</td><td class="num">4,162</td><td></td><td></td></tr>
<tr><th colspan="8">SwagLabs Product Suite</th></tr>
<tr class="stripe"><td><a href="#t3">ProductTest</a></td><td class="num">6</td><td class="num">0</td><td class="num">0</td><td class="num">0</td><td class="num">9,897</td><td></td><td></td></tr>
<tr><th colspan="8">SwagLabs Checkout Suite</th></tr>
<tr><td><a href="#t4">checkOut1Test</a></td><td class="num">2</td><td class="num">0</td><td class="num">0</td><td class="num">0</td><td class="num">6,209</td><td></td><td></td></tr>
<tr><th colspan="8">SwagLabs Checkout Suite (0)</th></tr>
<tr class="stripe"><td><a href="#t5">CheckOutTwoTest</a></td><td class="num">6</td><td class="num">0</td><td class="num">0</td><td class="num">0</td><td class="num">4,333</td><td></td><td></td></tr>
<tr><th>Total</th><th class="num">21</th><th class="num">0</th><th class="num">0</th><th class="num attn">2</th><th class="num">58,990</th><th colspan="2"></th></tr>
</table>
<table id='summary'><thead><tr><th>Class</th><th>Method</th><th>Start</th><th>Time (ms)</th></tr></thead><tbody><tr><th colspan="4">SwagLabs Group Complete Suite</th></tr></tbody><tbody><tr><th colspan="4">SwagLabs Login Suite</th></tr></tbody><tbody id="t0"><tr><th colspan="4">LoginTest &#8212; failed (configuration methods)</th></tr><tr class="failedeven"><td rowspan="1">SwagLabsTestCases.LoginTestCase</td><td><a href="#m0">closeBrowser</a></td><td rowspan="1">1756103442983</td><td rowspan="1">4</td></tr><tr><th colspan="4">LoginTest &#8212; passed</th></tr><tr class="passedeven"><td rowspan="1">SwagLabsTestCases.LoginTestCase</td><td><a href="#m1">userLogin</a></td><td rowspan="1">1756103434430</td><td rowspan="1">8110</td></tr></tbody>
<tbody><tr><th colspan="4">SwagLabs MyCart Suite</th></tr></tbody><tbody id="t1"><tr><th colspan="4">MyCartTest &#8212; failed (configuration methods)</th></tr><tr class="failedeven"><td rowspan="1">SwagLabsTestCases.MyCartTestCase</td><td><a href="#m2">closeBrowser</a></td><td rowspan="1">1756103487214</td><td rowspan="1">1</td></tr><tr><th colspan="4">MyCartTest &#8212; failed</th></tr><tr class="failedeven"><td rowspan="1">SwagLabsTestCases.MyCartTestCase</td><td><a href="#m3">verifyRemoveFunctionality</a></td><td rowspan="1">1756103471712</td><td rowspan="1">12563</td></tr><tr><th colspan="4">MyCartTest &#8212; passed</th></tr><tr class="passedeven"><td rowspan="4">SwagLabsTestCases.MyCartTestCase</td><td><a href="#m4">checkOutButtonFunction</a></td><td rowspan="1">1756103486483</td><td rowspan="1">95</td></tr><tr class="passedeven"><td><a href="#m5">verifyCartContents</a></td><td rowspan="1">1756103471380</td><td rowspan="1">329</td></tr><tr class="passedeven"><td><a href="#m6">verifyCartItemCount</a></td><td rowspan="1">1756103466333</td><td rowspan="1">5045</td></tr><tr class="passedeven"><td><a href="#m7">verifyEmptyCartMessage</a></td><td rowspan="1">1756103484279</td><td rowspan="1">2201</td></tr></tbody>
<tbody><tr><th colspan="4">SwagLabs Confirmation Suite</th></tr></tbody><tbody id="t2"><tr><th colspan="4">CheckOutConfirmationTest &#8212; failed (configuration methods)</th></tr><tr class="failedeven"><td rowspan="1">SwagLabsTestCases.ConfirmationPageTestCase</td><td><a href="#m8">closeBrowser</a></td><td rowspan="1">1756103510088</td><td rowspan="1">0</td></tr><tr><th colspan="4">CheckOutConfirmationTest &#8212; failed</th></tr><tr class="failedeven"><td rowspan="1">SwagLabsTestCases.ConfirmationPageTestCase</td><td><a href="#m9">validateLogout</a></td><td rowspan="1">1756103509627</td><td rowspan="1">98</td></tr><tr><th colspan="4">CheckOutConfirmationTest &#8212; passed</th></tr><tr class="passedeven"><td rowspan="2">SwagLabsTestCases.ConfirmationPageTestCase</td><td><a href="#m10">ThankYouPagescreenshot</a></td><td rowspan="1">1756103509434</td><td rowspan="1">124</td></tr><tr class="passedeven"><td><a href="#m11">validateThankYouPage</a></td><td rowspan="1">1756103509559</td><td rowspan="1">67</td></tr></tbody>
<tbody><tr><th colspan="4">SwagLabs Product Suite</th></tr></tbody><tbody id="t3"><tr><th colspan="4">ProductTest &#8212; failed (configuration methods)</th></tr><tr class="failedeven"><td rowspan="1">SwagLabsTestCases.ProductTestCase</td><td><a href="#m12">closeBrowser</a></td><td rowspan="1">1756103458004</td><td rowspan="1">1</td></tr><tr><th colspan="4">ProductTest &#8212; passed</th></tr><tr class="passedeven"><td rowspan="6">SwagLabsTestCases.ProductTestCase</td><td><a href="#m13">checkCartIconAfterAddingMultipleProducts</a></td><td rowspan="1">1756103452576</td><td rowspan="1">3013</td></tr><tr class="passedeven"><td><a href="#m14">checkCartIconIfNoProductsAdded</a></td><td rowspan="1">1756103451018</td><td rowspan="1">32</td></tr><tr class="passedeven"><td><a href="#m15">checkCartIconIfProductsAdded</a></td><td rowspan="1">1756103451051</td><td rowspan="1">1520</td></tr><tr class="passedeven"><td><a href="#m16">printAllProductsWithDetails</a></td><td rowspan="1">1756103456004</td><td rowspan="1">483</td></tr><tr class="passedeven"><td><a href="#m17">validateAllFilters</a></td><td rowspan="1">1756103456489</td><td rowspan="1">1000</td></tr><tr class="passedeven"><td><a href="#m18">validateAllProductPrices</a></td><td rowspan="1">1756103455592</td><td rowspan="1">409</td></tr></tbody>
<tbody><tr><th colspan="4">SwagLabs Checkout Suite</th></tr></tbody><tbody id="t4"><tr><th colspan="4">checkOut1Test &#8212; failed (configuration methods)</th></tr><tr class="failedeven"><td rowspan="1">SwagLabsTestCases.CheckOut1TestCase</td><td><a href="#m19">closeBrowser</a></td><td rowspan="1">1756103496379</td><td rowspan="1">0</td></tr><tr><th colspan="4">checkOut1Test &#8212; passed</th></tr><tr class="passedeven"><td rowspan="2">SwagLabsTestCases.CheckOut1TestCase</td><td><a href="#m20">CheckOut1Functions</a></td><td rowspan="1">1756103490417</td><td rowspan="1">5668</td></tr><tr class="passedeven"><td><a href="#m21">uptoMyCart</a></td><td rowspan="1">1756103489879</td><td rowspan="1">536</td></tr></tbody>
<tbody><tr><th colspan="4">SwagLabs Checkout Suite (0)</th></tr></tbody><tbody id="t5"><tr><th colspan="4">CheckOutTwoTest &#8212; failed (configuration methods)</th></tr><tr class="failedeven"><td rowspan="1">SwagLabsTestCases.CheckOutTwoTestCase</td><td><a href="#m22">closeBrowser</a></td><td rowspan="1">1756103503278</td><td rowspan="1">1</td></tr><tr><th colspan="4">CheckOutTwoTest &#8212; passed</th></tr><tr class="passedeven"><td rowspan="6">SwagLabsTestCases.CheckOutTwoTestCase</td><td><a href="#m23">clickFinishButton</a></td><td rowspan="1">1756103502712</td><td rowspan="1">89</td></tr><tr class="passedeven"><td><a href="#m24">testCancelButtonFunctionality</a></td><td rowspan="1">1756103502802</td><td rowspan="1">112</td></tr><tr class="passedeven"><td><a href="#m25">validateCheckoutSummary</a></td><td rowspan="1">1756103502524</td><td rowspan="1">136</td></tr><tr class="passedeven"><td><a href="#m26">validatePaymentAndShippingInfo</a></td><td rowspan="1">1756103502915</td><td rowspan="1">37</td></tr><tr class="passedeven"><td><a href="#m27">validateTotalPriceCalculationWithTax</a></td><td rowspan="1">1756103502660</td><td rowspan="1">51</td></tr><tr class="passedeven"><td><a href="#m28">verifyPageLoad</a></td><td rowspan="1">1756103502510</td><td rowspan="1">13</td></tr></tbody>
</table>
<h2>LoginTest</h2><h3 id="m0">SwagLabsTestCases.LoginTestCase#closeBrowser</h3><table class="result"><tr><th>Exception</th></tr><tr><td><div class="stacktrace">org.openqa.selenium.NoSuchSessionException: Session ID is null. Using WebDriver after calling quit()?
Build info: version: &apos;4.33.0&apos;, revision: &apos;2c6aaad03a&apos;
System info: os.name: &apos;Windows 11&apos;, os.arch: &apos;amd64&apos;, os.version: &apos;10.0&apos;, java.version: &apos;21.0.8&apos;
Driver info: org.openqa.selenium.edge.EdgeDriver
Command: [null, close {}]
Capabilities {acceptInsecureCerts: false, browserName: MicrosoftEdge, browserVersion: 139.0.3405.111, fedcm:accounts: true, ms:edgeOptions: {debuggerAddress: localhost:52821}, msedge: {msedgedriverVersion: 138.0.3351.109 (3e2a22a9de0..., userDataDir: C:\Users\PRIYAD~1.P\AppData...}, networkConnectionEnabled: false, pageLoadStrategy: normal, platformName: windows, proxy: Proxy(), se:cdp: ws://localhost:52821/devtoo..., se:cdpVersion: 139.0.3405.111, setWindowRect: true, strictFileInteractability: false, timeouts: {implicit: 0, pageLoad: 300000, script: 30000}, unhandledPromptBehavior: dismiss and notify, webauthn:extension:credBlob: true, webauthn:extension:largeBlob: true, webauthn:extension:minPinLength: true, webauthn:extension:prf: true, webauthn:virtualAuthenticators: true}
	at org.openqa.selenium.remote.HttpCommandExecutor.execute(HttpCommandExecutor.java:176)
	at org.openqa.selenium.remote.service.DriverCommandExecutor.invokeExecute(DriverCommandExecutor.java:216)
	at org.openqa.selenium.remote.service.DriverCommandExecutor.execute(DriverCommandExecutor.java:174)
	at org.openqa.selenium.remote.RemoteWebDriver.execute(RemoteWebDriver.java:544)
	at org.openqa.selenium.remote.RemoteWebDriver.execute(RemoteWebDriver.java:617)
	at org.openqa.selenium.remote.RemoteWebDriver.execute(RemoteWebDriver.java:621)
	at org.openqa.selenium.remote.RemoteWebDriver.close(RemoteWebDriver.java:417)
	at Common.BrowserFactory.closeBrowser(BrowserFactory.java:48)
... Removed 18 stack frames</div></td></tr></table><p class="totop"><a href="#summary">back to summary</a></p>
<h3 id="m1">SwagLabsTestCases.LoginTestCase#userLogin</h3><table class="result"><tr><th class="invisible"/></tr></table><p class="totop"><a href="#summary">back to summary</a></p>
<h2>MyCartTest</h2><h3 id="m2">SwagLabsTestCases.MyCartTestCase#closeBrowser</h3><table class="result"><tr><th>Exception</th></tr><tr><td><div class="stacktrace">org.openqa.selenium.NoSuchSessionException: Session ID is null. Using WebDriver after calling quit()?
Build info: version: &apos;4.33.0&apos;, revision: &apos;2c6aaad03a&apos;
System info: os.name: &apos;Windows 11&apos;, os.arch: &apos;amd64&apos;, os.version: &apos;10.0&apos;, java.version: &apos;21.0.8&apos;
Driver info: org.openqa.selenium.edge.EdgeDriver
Command: [null, close {}]
Capabilities {acceptInsecureCerts: false, browserName: MicrosoftEdge, browserVersion: 139.0.3405.111, fedcm:accounts: true, ms:edgeOptions: {debuggerAddress: localhost:52915}, msedge: {msedgedriverVersion: 138.0.3351.109 (3e2a22a9de0..., userDataDir: C:\Users\PRIYAD~1.P\AppData...}, networkConnectionEnabled: false, pageLoadStrategy: normal, platformName: windows, proxy: Proxy(), se:cdp: ws://localhost:52915/devtoo..., se:cdpVersion: 139.0.3405.111, setWindowRect: true, strictFileInteractability: false, timeouts: {implicit: 0, pageLoad: 300000, script: 30000}, unhandledPromptBehavior: dismiss and notify, webauthn:extension:credBlob: true, webauthn:extension:largeBlob: true, webauthn:extension:minPinLength: true, webauthn:extension:prf: true, webauthn:virtualAuthenticators: true}
	at org.openqa.selenium.remote.HttpCommandExecutor.execute(HttpCommandExecutor.java:176)
	at org.openqa.selenium.remote.service.DriverCommandExecutor.invokeExecute(DriverCommandExecutor.java:216)
	at org.openqa.selenium.remote.service.DriverCommandExecutor.execute(DriverCommandExecutor.java:174)
	at org.openqa.selenium.remote.RemoteWebDriver.execute(RemoteWebDriver.java:544)
	at org.openqa.selenium.remote.RemoteWebDriver.execute(RemoteWebDriver.java:617)
	at org.openqa.selenium.remote.RemoteWebDriver.execute(RemoteWebDriver.java:621)
	at org.openqa.selenium.remote.RemoteWebDriver.close(RemoteWebDriver.java:417)
	at Common.BrowserFactory.closeBrowser(BrowserFactory.java:48)
... Removed 18 stack frames</div></td></tr></table><p class="totop"><a href="#summary">back to summary</a></p>
<h3 id="m3">SwagLabsTestCases.MyCartTestCase#verifyRemoveFunctionality</h3><table class="result"><tr><th>Exception</th></tr><tr><td><div class="stacktrace">java.lang.AssertionError: Cart should be empty after removing items expected [0] but found [3]
	at SwagLabsTestCases.MyCartTestCase.verifyRemoveFunctionality(MyCartTestCase.java:64)
	at java.base/java.util.ArrayList.forEach(ArrayList.java:1596)
... Removed 32 stack frames</div></td></tr></table><p class="totop"><a href="#summary">back to summary</a></p>
<h3 id="m4">SwagLabsTestCases.MyCartTestCase#checkOutButtonFunction</h3><table class="result"><tr><th class="invisible"/></tr></table><p class="totop"><a href="#summary">back to summary</a></p>
<h3 id="m5">SwagLabsTestCases.MyCartTestCase#verifyCartContents</h3><table class="result"><tr><th class="invisible"/></tr></table><p class="totop"><a href="#summary">back to summary</a></p>
<h3 id="m6">SwagLabsTestCases.MyCartTestCase#verifyCartItemCount</h3><table class="result"><tr><th class="invisible"/></tr></table><p class="totop"><a href="#summary">back to summary</a></p>
<h3 id="m7">SwagLabsTestCases.MyCartTestCase#verifyEmptyCartMessage</h3><table class="result"><tr><th class="invisible"/></tr></table><p class="totop"><a href="#summary">back to summary</a></p>
<h2>CheckOutConfirmationTest</h2><h3 id="m8">SwagLabsTestCases.ConfirmationPageTestCase#closeBrowser</h3><table class="result"><tr><th>Exception</th></tr><tr><td><div class="stacktrace">org.openqa.selenium.NoSuchSessionException: Session ID is null. Using WebDriver after calling quit()?
Build info: version: &apos;4.33.0&apos;, revision: &apos;2c6aaad03a&apos;
System info: os.name: &apos;Windows 11&apos;, os.arch: &apos;amd64&apos;, os.version: &apos;10.0&apos;, java.version: &apos;21.0.8&apos;
Driver info: org.openqa.selenium.edge.EdgeDriver
Command: [null, close {}]
Capabilities {acceptInsecureCerts: false, browserName: MicrosoftEdge, browserVersion: 139.0.3405.111, fedcm:accounts: true, ms:edgeOptions: {debuggerAddress: localhost:53059}, msedge: {msedgedriverVersion: 138.0.3351.109 (3e2a22a9de0..., userDataDir: C:\Users\PRIYAD~1.P\AppData...}, networkConnectionEnabled: false, pageLoadStrategy: normal, platformName: windows, proxy: Proxy(), se:cdp: ws://localhost:53059/devtoo..., se:cdpVersion: 139.0.3405.111, setWindowRect: true, strictFileInteractability: false, timeouts: {implicit: 0, pageLoad: 300000, script: 30000}, unhandledPromptBehavior: dismiss and notify, webauthn:extension:credBlob: true, webauthn:extension:largeBlob: true, webauthn:extension:minPinLength: true, webauthn:extension:prf: true, webauthn:virtualAuthenticators: true}
	at org.openqa.selenium.remote.HttpCommandExecutor.execute(HttpCommandExecutor.java:176)
	at org.openqa.selenium.remote.service.DriverCommandExecutor.invokeExecute(DriverCommandExecutor.java:216)
	at org.openqa.selenium.remote.service.DriverCommandExecutor.execute(DriverCommandExecutor.java:174)
	at org.openqa.selenium.remote.RemoteWebDriver.execute(RemoteWebDriver.java:544)
	at org.openqa.selenium.remote.RemoteWebDriver.execute(RemoteWebDriver.java:617)
	at org.openqa.selenium.remote.RemoteWebDriver.execute(RemoteWebDriver.java:621)
	at org.openqa.selenium.remote.RemoteWebDriver.close(RemoteWebDriver.java:417)
	at Common.BrowserFactory.closeBrowser(BrowserFactory.java:48)
... Removed 18 stack frames</div></td></tr></table><p class="totop"><a href="#summary">back to summary</a></p>
<h3 id="m9">SwagLabsTestCases.ConfirmationPageTestCase#validateLogout</h3><table class="result"><tr><th>Exception</th></tr><tr><td><div class="stacktrace">org.openqa.selenium.ElementNotInteractableException: element not interactable
  (Session info: MicrosoftEdge=139.0.3405.111)
Build info: version: &apos;4.33.0&apos;, revision: &apos;2c6aaad03a&apos;
System info: os.name: &apos;Windows 11&apos;, os.arch: &apos;amd64&apos;, os.version: &apos;10.0&apos;, java.version: &apos;21.0.8&apos;
Driver info: org.openqa.selenium.edge.EdgeDriver
Command: [2f22d4cd2d3b7d10adfcd028bdf65e79, clickElement {id=f.DB1F76D884C417FAB4713C2128B582C1.d.8FBE26D87CB610BF83346F2F96D59C88.e.52}]
Capabilities {acceptInsecureCerts: false, browserName: MicrosoftEdge, browserVersion: 139.0.3405.111, fedcm:accounts: true, ms:edgeOptions: {debuggerAddress: localhost:53059}, msedge: {msedgedriverVersion: 138.0.3351.109 (3e2a22a9de0..., userDataDir: C:\Users\PRIYAD~1.P\AppData...}, networkConnectionEnabled: false, pageLoadStrategy: normal, platformName: windows, proxy: Proxy(), se:cdp: ws://localhost:53059/devtoo..., se:cdpVersion: 139.0.3405.111, setWindowRect: true, strictFileInteractability: false, timeouts: {implicit: 0, pageLoad: 300000, script: 30000}, unhandledPromptBehavior: dismiss and notify, webauthn:extension:credBlob: true, webauthn:extension:largeBlob: true, webauthn:extension:minPinLength: true, webauthn:extension:prf: true, webauthn:virtualAuthenticators: true}
Element: [[EdgeDriver: MicrosoftEdge on windows (2f22d4cd2d3b7d10adfcd028bdf65e79)] -&gt; id: logout_sidebar_link]
Session ID: 2f22d4cd2d3b7d10adfcd028bdf65e79
	at org.openqa.selenium.remote.ErrorCodec.decode(ErrorCodec.java:167)
	at org.openqa.selenium.remote.codec.w3c.W3CHttpResponseCodec.decode(W3CHttpResponseCodec.java:138)
	at org.openqa.selenium.remote.codec.w3c.W3CHttpResponseCodec.decode(W3CHttpResponseCodec.java:50)
	at org.openqa.selenium.remote.HttpCommandExecutor.execute(HttpCommandExecutor.java:215)
	at org.openqa.selenium.remote.service.DriverCommandExecutor.invokeExecute(DriverCommandExecutor.java:216)
	at org.openqa.selenium.remote.service.DriverCommandExecutor.execute(DriverCommandExecutor.java:174)
	at org.openqa.selenium.remote.RemoteWebDriver.execute(RemoteWebDriver.java:544)
	at org.openqa.selenium.remote.RemoteWebElement.execute(RemoteWebElement.java:223)
	at org.openqa.selenium.remote.RemoteWebElement.click(RemoteWebElement.java:76)
	at org.openqa.selenium.support.pagefactory.internal.LocatingElementHandler.invoke(LocatingElementHandler.java:51)
	at jdk.proxy2/jdk.proxy2.$Proxy15.click(Unknown Source)
	at SwagLabElement.LogOutElement.clickLogout(LogOutElement.java:23)
	at SwagLabsTestCases.ConfirmationPageTestCase.validateLogout(ConfirmationPageTestCase.java:75)
	at java.base/java.util.ArrayList.forEach(ArrayList.java:1596)
... Removed 31 stack frames</div></td></tr></table><p class="totop"><a href="#summary">back to summary</a></p>
<h3 id="m10">SwagLabsTestCases.ConfirmationPageTestCase#ThankYouPagescreenshot</h3><table class="result"><tr><th class="invisible"/></tr></table><p class="totop"><a href="#summary">back to summary</a></p>
<h3 id="m11">SwagLabsTestCases.ConfirmationPageTestCase#validateThankYouPage</h3><table class="result"><tr><th class="invisible"/></tr></table><p class="totop"><a href="#summary">back to summary</a></p>
<h2>ProductTest</h2><h3 id="m12">SwagLabsTestCases.ProductTestCase#closeBrowser</h3><table class="result"><tr><th>Exception</th></tr><tr><td><div class="stacktrace">org.openqa.selenium.NoSuchSessionException: Session ID is null. Using WebDriver after calling quit()?
Build info: version: &apos;4.33.0&apos;, revision: &apos;2c6aaad03a&apos;
System info: os.name: &apos;Windows 11&apos;, os.arch: &apos;amd64&apos;, os.version: &apos;10.0&apos;, java.version: &apos;21.0.8&apos;
Driver info: org.openqa.selenium.edge.EdgeDriver
Command: [null, close {}]
Capabilities {acceptInsecureCerts: false, browserName: MicrosoftEdge, browserVersion: 139.0.3405.111, fedcm:accounts: true, ms:edgeOptions: {debuggerAddress: localhost:52860}, msedge: {msedgedriverVersion: 138.0.3351.109 (3e2a22a9de0..., userDataDir: C:\Users\PRIYAD~1.P\AppData...}, networkConnectionEnabled: false, pageLoadStrategy: normal, platformName: windows, proxy: Proxy(), se:cdp: ws://localhost:52860/devtoo..., se:cdpVersion: 139.0.3405.111, setWindowRect: true, strictFileInteractability: false, timeouts: {implicit: 0, pageLoad: 300000, script: 30000}, unhandledPromptBehavior: dismiss and notify, webauthn:extension:credBlob: true, webauthn:extension:largeBlob: true, webauthn:extension:minPinLength: true, webauthn:extension:prf: true, webauthn:virtualAuthenticators: true}
	at org.openqa.selenium.remote.HttpCommandExecutor.execute(HttpCommandExecutor.java:176)
	at org.openqa.selenium.remote.service.DriverCommandExecutor.invokeExecute(DriverCommandExecutor.java:216)
	at org.openqa.selenium.remote.service.DriverCommandExecutor.execute(DriverCommandExecutor.java:174)
	at org.openqa.selenium.remote.RemoteWebDriver.execute(RemoteWebDriver.java:544)
	at org.openqa.selenium.remote.RemoteWebDriver.execute(RemoteWebDriver.java:617)
	at org.openqa.selenium.remote.RemoteWebDriver.execute(RemoteWebDriver.java:621)
	at org.openqa.selenium.remote.RemoteWebDriver.close(RemoteWebDriver.java:417)
	at Common.BrowserFactory.closeBrowser(BrowserFactory.java:48)
... Removed 18 stack frames</div></td></tr></table><p class="totop"><a href="#summary">back to summary</a></p>
<h3 id="m13">SwagLabsTestCases.ProductTestCase#checkCartIconAfterAddingMultipleProducts</h3><table class="result"><tr><th class="invisible"/></tr></table><p class="totop"><a href="#summary">back to summary</a></p>
<h3 id="m14">SwagLabsTestCases.ProductTestCase#checkCartIconIfNoProductsAdded</h3><table class="result"><tr><th class="invisible"/></tr></table><p class="totop"><a href="#summary">back to summary</a></p>
<h3 id="m15">SwagLabsTestCases.ProductTestCase#checkCartIconIfProductsAdded</h3><table class="result"><tr><th class="invisible"/></tr></table><p class="totop"><a href="#summary">back to summary</a></p>
<h3 id="m16">SwagLabsTestCases.ProductTestCase#printAllProductsWithDetails</h3><table class="result"><tr><th class="invisible"/></tr></table><p class="totop"><a href="#summary">back to summary</a></p>
<h3 id="m17">SwagLabsTestCases.ProductTestCase#validateAllFilters</h3><table class="result"><tr><th class="invisible"/></tr></table><p class="totop"><a href="#summary">back to summary</a></p>
<h3 id="m18">SwagLabsTestCases.ProductTestCase#validateAllProductPrices</h3><table class="result"><tr><th class="invisible"/></tr></table><p class="totop"><a href="#summary">back to summary</a></p>
<h2>checkOut1Test</h2><h3 id="m19">SwagLabsTestCases.CheckOut1TestCase#closeBrowser</h3><table class="result"><tr><th>Exception</th></tr><tr><td><div class="stacktrace">org.openqa.selenium.NoSuchSessionException: Session ID is null. Using WebDriver after calling quit()?
Build info: version: &apos;4.33.0&apos;, revision: &apos;2c6aaad03a&apos;
System info: os.name: &apos;Windows 11&apos;, os.arch: &apos;amd64&apos;, os.version: &apos;10.0&apos;, java.version: &apos;21.0.8&apos;
Driver info: org.openqa.selenium.edge.EdgeDriver
Command: [null, close {}]
Capabilities {acceptInsecureCerts: false, browserName: MicrosoftEdge, browserVersion: 139.0.3405.111, fedcm:accounts: true, ms:edgeOptions: {debuggerAddress: localhost:52977}, msedge: {msedgedriverVersion: 138.0.3351.109 (3e2a22a9de0..., userDataDir: C:\Users\PRIYAD~1.P\AppData...}, networkConnectionEnabled: false, pageLoadStrategy: normal, platformName: windows, proxy: Proxy(), se:cdp: ws://localhost:52977/devtoo..., se:cdpVersion: 139.0.3405.111, setWindowRect: true, strictFileInteractability: false, timeouts: {implicit: 0, pageLoad: 300000, script: 30000}, unhandledPromptBehavior: dismiss and notify, webauthn:extension:credBlob: true, webauthn:extension:largeBlob: true, webauthn:extension:minPinLength: true, webauthn:extension:prf: true, webauthn:virtualAuthenticators: true}
	at org.openqa.selenium.remote.HttpCommandExecutor.execute(HttpCommandExecutor.java:176)
	at org.openqa.selenium.remote.service.DriverCommandExecutor.invokeExecute(DriverCommandExecutor.java:216)
	at org.openqa.selenium.remote.service.DriverCommandExecutor.execute(DriverCommandExecutor.java:174)
	at org.openqa.selenium.remote.RemoteWebDriver.execute(RemoteWebDriver.java:544)
	at org.openqa.selenium.remote.RemoteWebDriver.execute(RemoteWebDriver.java:617)
	at org.openqa.selenium.remote.RemoteWebDriver.execute(RemoteWebDriver.java:621)
	at org.openqa.selenium.remote.RemoteWebDriver.close(RemoteWebDriver.java:417)
	at Common.BrowserFactory.closeBrowser(BrowserFactory.java:48)
... Removed 18 stack frames</div></td></tr></table><p class="totop"><a href="#summary">back to summary</a></p>
<h3 id="m20">SwagLabsTestCases.CheckOut1TestCase#CheckOut1Functions</h3><table class="result"><tr><th class="invisible"/></tr></table><p class="totop"><a href="#summary">back to summary</a></p>
<h3 id="m21">SwagLabsTestCases.CheckOut1TestCase#uptoMyCart</h3><table class="result"><tr><th class="invisible"/></tr></table><p class="totop"><a href="#summary">back to summary</a></p>
<h2>CheckOutTwoTest</h2><h3 id="m22">SwagLabsTestCases.CheckOutTwoTestCase#closeBrowser</h3><table class="result"><tr><th>Exception</th></tr><tr><td><div class="stacktrace">org.openqa.selenium.NoSuchSessionException: Session ID is null. Using WebDriver after calling quit()?
Build info: version: &apos;4.33.0&apos;, revision: &apos;2c6aaad03a&apos;
System info: os.name: &apos;Windows 11&apos;, os.arch: &apos;amd64&apos;, os.version: &apos;10.0&apos;, java.version: &apos;21.0.8&apos;
Driver info: org.openqa.selenium.edge.EdgeDriver
Command: [null, close {}]
Capabilities {acceptInsecureCerts: false, browserName: MicrosoftEdge, browserVersion: 139.0.3405.111, fedcm:accounts: true, ms:edgeOptions: {debuggerAddress: localhost:53016}, msedge: {msedgedriverVersion: 138.0.3351.109 (3e2a22a9de0..., userDataDir: C:\Users\PRIYAD~1.P\AppData...}, networkConnectionEnabled: false, pageLoadStrategy: normal, platformName: windows, proxy: Proxy(), se:cdp: ws://localhost:53016/devtoo..., se:cdpVersion: 139.0.3405.111, setWindowRect: true, strictFileInteractability: false, timeouts: {implicit: 0, pageLoad: 300000, script: 30000}, unhandledPromptBehavior: dismiss and notify, webauthn:extension:credBlob: true, webauthn:extension:largeBlob: true, webauthn:extension:minPinLength: true, webauthn:extension:prf: true, webauthn:virtualAuthenticators: true}
	at org.openqa.selenium.remote.HttpCommandExecutor.execute(HttpCommandExecutor.java:176)
	at org.openqa.selenium.remote.service.DriverCommandExecutor.invokeExecute(DriverCommandExecutor.java:216)
	at org.openqa.selenium.remote.service.DriverCommandExecutor.execute(DriverCommandExecutor.java:174)
	at org.openqa.selenium.remote.RemoteWebDriver.execute(RemoteWebDriver.java:544)
	at org.openqa.selenium.remote.RemoteWebDriver.execute(RemoteWebDriver.java:617)
	at org.openqa.selenium.remote.RemoteWebDriver.execute(RemoteWebDriver.java:621)
	at org.openqa.selenium.remote.RemoteWebDriver.close(RemoteWebDriver.java:417)
	at Common.BrowserFactory.closeBrowser(BrowserFactory.java:48)
... Removed 18 stack frames</div></td></tr></table><p class="totop"><a href="#summary">back to summary</a></p>
<h3 id="m23">SwagLabsTestCases.CheckOutTwoTestCase#clickFinishButton</h3><table class="result"><tr><th class="invisible"/></tr></table><p class="totop"><a href="#summary">back to summary</a></p>
<h3 id="m24">SwagLabsTestCases.CheckOutTwoTestCase#testCancelButtonFunctionality</h3><table class="result"><tr><th class="invisible"/></tr></table><p class="totop"><a href="#summary">back to summary</a></p>
<h3 id="m25">SwagLabsTestCases.CheckOutTwoTestCase#validateCheckoutSummary</h3><table class="result"><tr><th class="invisible"/></tr></table><p class="totop"><a href="#summary">back to summary</a></p>
<h3 id="m26">SwagLabsTestCases.CheckOutTwoTestCase#validatePaymentAndShippingInfo</h3><table class="result"><tr><th class="invisible"/></tr></table><p class="totop"><a href="#summary">back to summary</a></p>
<h3 id="m27">SwagLabsTestCases.CheckOutTwoTestCase#validateTotalPriceCalculationWithTax</h3><table class="result"><tr><th class="invisible"/></tr></table><p class="totop"><a href="#summary">back to summary</a></p>
<h3 id="m28">SwagLabsTestCases.CheckOutTwoTestCase#verifyPageLoad</h3><table class="result"><tr><th class="invisible"/></tr></table><p class="totop"><a href="#summary">back to summary</a></p>
</body>
</html>
